<?xml version="1.0" encoding="UTF-8"?>
<!-- Generated by org.testng.reporters.JUnitXMLReporter -->
<testsuite hostname="boilnews15.boise.local" name="FrontEnd Tests" tests="4" failures="0" timestamp="8 May 2017 04:39:48 GMT" time="22.366" errors="0">
  <testcase name="performTestsOnSupportedBrowsers" time="14.747" classname="com.mcclatchyinteractive.escenicfrontend.tests.SimpleTest"/>
  <testcase name="performTestsOnSupportedBrowsers" time="18.613" classname="com.mcclatchyinteractive.escenicfrontend.tests.SimpleTest"/>
  <testcase name="performTestsOnSupportedBrowsers" time="18.914" classname="com.mcclatchyinteractive.escenicfrontend.tests.SimpleTest"/>
  <testcase name="performTestsOnSupportedBrowsers" time="22.099" classname="com.mcclatchyinteractive.escenicfrontend.tests.SimpleTest"/>
</testsuite> <!-- FrontEnd Tests -->
